<?xml version="1.0" encoding="UTF-8"?>
<testng-results ignored="0" total="1" passed="1" failed="0" skipped="0">
  <reporter-output>
  </reporter-output>
  <suite started-at="2023-03-08T13:04:07 IST" name="Default suite" finished-at="2023-03-08T13:04:07 IST" duration-ms="139">
    <groups>
    </groups>
    <test started-at="2023-03-08T13:04:07 IST" name="Default test" finished-at="2023-03-08T13:04:07 IST" duration-ms="139">
      <class name="PracticeProblems.TestNG">
        <test-method is-config="true" signature="beforeclass()[pri:0, instance:PracticeProblems.TestNG@31c88ec8]" started-at="2023-03-08T13:04:07 IST" name="beforeclass" finished-at="2023-03-08T13:04:07 IST" duration-ms="24" status="PASS">
          <reporter-output>
          </reporter-output>
        </test-method> <!-- beforeclass -->
        <test-method is-config="true" signature="beforemethod()[pri:0, instance:PracticeProblems.TestNG@31c88ec8]" started-at="2023-03-08T13:04:07 IST" name="beforemethod" finished-at="2023-03-08T13:04:07 IST" duration-ms="1" status="PASS">
          <reporter-output>
          </reporter-output>
        </test-method> <!-- beforemethod -->
        <test-method signature="test123()[pri:0, instance:PracticeProblems.TestNG@31c88ec8]" started-at="2023-03-08T13:04:07 IST" name="test123" finished-at="2023-03-08T13:04:07 IST" duration-ms="18" status="PASS">
          <reporter-output>
          </reporter-output>
        </test-method> <!-- test123 -->
      </class> <!-- PracticeProblems.TestNG -->
    </test> <!-- Default test -->
  </suite> <!-- Default suite -->
</testng-results>
